<?xml version="1.0" encoding="UTF-8"?>
<!-- Generated by org.testng.reporters.JUnitReportReporter -->
<testsuite hostname="DELL" failures="0" tests="1" name="testng.Class3" time="1.812" errors="0" timestamp="2025-06-26T20:16:17 IST" skipped="0">
  <testcase classname="testng.Class3" name="about" time="1.812"/>
</testsuite> <!-- testng.Class3 -->
