<?xml version="1.0" encoding="UTF-8"?>
<!-- Generated by org.testng.reporters.JUnitReportReporter -->
<testsuite hostname="DELL" failures="0" tests="2" name="Class1" time="4.369" errors="0" timestamp="2025-06-25T12:46:01 IST" skipped="0">
  <testcase classname="Class1" name="navigate" time="0.861"/>
  <testcase classname="Class1" name="vertical" time="3.508"/>
</testsuite> <!-- Class1 -->
