<?xml version="1.0" encoding="UTF-8"?>
<!-- Generated by org.testng.reporters.JUnitReportReporter -->
<testsuite hostname="DELL" failures="0" tests="4" name="testng.Class2" time="2.855" errors="0" timestamp="2025-06-26T13:47:06 IST" skipped="0">
  <testcase classname="testng.Class2" name="technologies" time="1.092"/>
  <testcase classname="testng.Class2" name="art_Int" time="1.010"/>
  <testcase classname="testng.Class2" name="navigate" time="0.390"/>
  <testcase classname="testng.Class2" name="mobileApp" time="0.363"/>
</testsuite> <!-- testng.Class2 -->
