<?xml version="1.0" encoding="UTF-8"?>
<!-- Generated by org.testng.reporters.JUnitReportReporter -->
<testsuite hostname="DELL" failures="0" tests="1" name="testng.Class6" time="1.835" errors="0" timestamp="2025-06-26T20:21:55 IST" skipped="0">
  <testcase classname="testng.Class6" name="portfolio" time="1.835"/>
</testsuite> <!-- testng.Class6 -->
