<?xml version="1.0" encoding="UTF-8"?>
<!-- Generated by org.testng.reporters.JUnitReportReporter -->
<testsuite hostname="DELL" failures="0" tests="5" name="testng.Class1" time="16.153" errors="0" timestamp="2025-07-06T19:18:01 IST" skipped="0">
  <testcase classname="testng.Class1" name="vertical" time="2.863"/>
  <testcase classname="testng.Class1" name="retail" time="3.785"/>
  <testcase classname="testng.Class1" name="healthCare" time="3.106"/>
  <testcase classname="testng.Class1" name="finTech" time="3.118"/>
  <testcase classname="testng.Class1" name="customApp" time="3.281"/>
</testsuite> <!-- testng.Class1 -->
