<?xml version="1.0" encoding="UTF-8"?>
<!-- Generated by org.testng.reporters.JUnitReportReporter -->
<testsuite hostname="DELL" failures="0" tests="3" name="testng.KameraApp" time="89.845" errors="0" timestamp="2025-07-11T16:05:28 IST" skipped="0">
  <testcase classname="testng.KameraApp" name="url" time="14.191"/>
  <testcase classname="testng.KameraApp" name="creatacc" time="62.389"/>
  <testcase classname="testng.KameraApp" name="product" time="13.265"/>
</testsuite> <!-- testng.KameraApp -->
