<?xml version="1.0" encoding="UTF-8"?>
<!-- Generated by org.testng.reporters.JUnitReportReporter -->
<testsuite hostname="DELL" failures="0" tests="1" name="testng.Class4" time="1.903" errors="0" timestamp="2025-06-26T20:17:34 IST" skipped="0">
  <testcase classname="testng.Class4" name="blog" time="1.903"/>
</testsuite> <!-- testng.Class4 -->
