<?xml version="1.0" encoding="UTF-8"?>
<!-- Generated by org.testng.reporters.JUnitReportReporter -->
<testsuite hostname="DELL" failures="0" tests="1" name="testng.Class5" time="2.182" errors="0" timestamp="2025-06-26T20:19:42 IST" skipped="0">
  <testcase classname="testng.Class5" name="contactUs" time="2.182"/>
</testsuite> <!-- testng.Class5 -->
